<?xml version="1.0" encoding="UTF-8"?>
<testsuite name="SchemaTest" tests="2" skipped="0" failures="0" errors="0" timestamp="2022-02-22T20:27:32" hostname="air.local" time="0.247">
  <properties/>
  <testcase name="checkPostSchema()" classname="SchemaTest" time="0.167"/>
  <testcase name="checkCommentSchema()" classname="SchemaTest" time="0.08"/>
  <system-out><![CDATA[]]></system-out>
  <system-err><![CDATA[]]></system-err>
</testsuite>
